<?xml version="1.0" encoding="UTF-8"?>
<testsuite name="com.jayy.book.springboot.web.HelloControllerTest" tests="2" skipped="0" failures="0" errors="0" timestamp="2020-10-01T09:21:23" hostname="MacBook-Pro.local" time="0.364">
  <properties/>
  <testcase name="hello가_리턴된다" classname="com.jayy.book.springboot.web.HelloControllerTest" time="0.304"/>
  <testcase name="helloDto가_리턴된다" classname="com.jayy.book.springboot.web.HelloControllerTest" time="0.06"/>
  <system-out><![CDATA[18:21:21.432 [Test worker] DEBUG org.springframework.test.context.junit4.SpringJUnit4ClassRunner - SpringJUnit4ClassRunner constructor called with [class com.jayy.book.springboot.web.HelloControllerTest]
18:21:21.440 [Test worker] DEBUG org.springframework.test.context.BootstrapUtils - Instantiating CacheAwareContextLoaderDelegate from class [org.springframework.test.context.cache.DefaultCacheAwareContextLoaderDelegate]
18:21:21.445 [Test worker] DEBUG org.springframework.test.context.BootstrapUtils - Instantiating BootstrapContext using constructor [public org.springframework.test.context.support.DefaultBootstrapContext(java.lang.Class,org.springframework.test.context.CacheAwareContextLoaderDelegate)]
18:21:21.458 [Test worker] DEBUG org.springframework.test.context.BootstrapUtils - Instantiating TestContextBootstrapper for test class [com.jayy.book.springboot.web.HelloControllerTest] from class [org.springframework.boot.test.autoconfigure.web.servlet.WebMvcTestContextBootstrapper]
18:21:21.470 [Test worker] INFO org.springframework.boot.test.autoconfigure.web.servlet.WebMvcTestContextBootstrapper - Neither @ContextConfiguration nor @ContextHierarchy found for test class [com.jayy.book.springboot.web.HelloControllerTest], using SpringBootContextLoader
18:21:21.472 [Test worker] DEBUG org.springframework.test.context.support.AbstractContextLoader - Did not detect default resource location for test class [com.jayy.book.springboot.web.HelloControllerTest]: class path resource [com/jayy/book/springboot/web/HelloControllerTest-context.xml] does not exist
18:21:21.473 [Test worker] DEBUG org.springframework.test.context.support.AbstractContextLoader - Did not detect default resource location for test class [com.jayy.book.springboot.web.HelloControllerTest]: class path resource [com/jayy/book/springboot/web/HelloControllerTestContext.groovy] does not exist
18:21:21.473 [Test worker] INFO org.springframework.test.context.support.AbstractContextLoader - Could not detect default resource locations for test class [com.jayy.book.springboot.web.HelloControllerTest]: no resource found for suffixes {-context.xml, Context.groovy}.
18:21:21.473 [Test worker] INFO org.springframework.test.context.support.AnnotationConfigContextLoaderUtils - Could not detect default configuration classes for test class [com.jayy.book.springboot.web.HelloControllerTest]: HelloControllerTest does not declare any static, non-private, non-final, nested classes annotated with @Configuration.
18:21:21.521 [Test worker] DEBUG org.springframework.test.context.support.ActiveProfilesUtils - Could not find an 'annotation declaring class' for annotation type [org.springframework.test.context.ActiveProfiles] and class [com.jayy.book.springboot.web.HelloControllerTest]
18:21:21.578 [Test worker] DEBUG org.springframework.context.annotation.ClassPathScanningCandidateComponentProvider - Identified candidate component class: file [/Users/na.yoonji/Study/projects/myFirstProject/build/classes/java/main/com/jayy/book/springboot/Application.class]
18:21:21.578 [Test worker] INFO org.springframework.boot.test.context.SpringBootTestContextBootstrapper - Found @SpringBootConfiguration com.jayy.book.springboot.Application for test class com.jayy.book.springboot.web.HelloControllerTest
18:21:21.579 [Test worker] DEBUG org.springframework.boot.test.autoconfigure.web.servlet.WebMvcTestContextBootstrapper - @TestExecutionListeners is not present for class [com.jayy.book.springboot.web.HelloControllerTest]: using defaults.
18:21:21.580 [Test worker] INFO org.springframework.boot.test.autoconfigure.web.servlet.WebMvcTestContextBootstrapper - Loaded default TestExecutionListener class names from location [META-INF/spring.factories]: [org.springframework.security.test.context.support.WithSecurityContextTestExecutionListener, org.springframework.security.test.context.support.ReactorContextTestExecutionListener, org.springframework.boot.test.autoconfigure.restdocs.RestDocsTestExecutionListener, org.springframework.boot.test.autoconfigure.web.client.MockRestServiceServerResetTestExecutionListener, org.springframework.boot.test.autoconfigure.web.servlet.MockMvcPrintOnlyOnFailureTestExecutionListener, org.springframework.boot.test.autoconfigure.web.servlet.WebDriverTestExecutionListener, org.springframework.boot.test.mock.mockito.MockitoTestExecutionListener, org.springframework.boot.test.mock.mockito.ResetMocksTestExecutionListener, org.springframework.test.context.web.ServletTestExecutionListener, org.springframework.test.context.support.DirtiesContextBeforeModesTestExecutionListener, org.springframework.test.context.support.DependencyInjectionTestExecutionListener, org.springframework.test.context.support.DirtiesContextTestExecutionListener, org.springframework.test.context.transaction.TransactionalTestExecutionListener, org.springframework.test.context.jdbc.SqlScriptsTestExecutionListener]
18:21:21.592 [Test worker] INFO org.springframework.boot.test.autoconfigure.web.servlet.WebMvcTestContextBootstrapper - Using TestExecutionListeners: [org.springframework.test.context.web.ServletTestExecutionListener@17ff593b, org.springframework.test.context.support.DirtiesContextBeforeModesTestExecutionListener@1ac2110b, org.springframework.boot.test.mock.mockito.MockitoTestExecutionListener@4ed69748, org.springframework.boot.test.autoconfigure.SpringBootDependencyInjectionTestExecutionListener@6ac90ad5, org.springframework.test.context.support.DirtiesContextTestExecutionListener@712a036, org.springframework.test.context.transaction.TransactionalTestExecutionListener@d52a396, org.springframework.test.context.jdbc.SqlScriptsTestExecutionListener@77c419a3, org.springframework.security.test.context.support.WithSecurityContextTestExecutionListener@55f93a2c, org.springframework.security.test.context.support.ReactorContextTestExecutionListener@477833b5, org.springframework.boot.test.autoconfigure.restdocs.RestDocsTestExecutionListener@5fae76df, org.springframework.boot.test.autoconfigure.web.client.MockRestServiceServerResetTestExecutionListener@8707588, org.springframework.boot.test.autoconfigure.web.servlet.MockMvcPrintOnlyOnFailureTestExecutionListener@14c416f0, org.springframework.boot.test.autoconfigure.web.servlet.WebDriverTestExecutionListener@12276a46, org.springframework.boot.test.mock.mockito.ResetMocksTestExecutionListener@3e13fe53]
18:21:21.595 [Test worker] DEBUG org.springframework.test.annotation.ProfileValueUtils - Retrieved @ProfileValueSourceConfiguration [null] for test class [com.jayy.book.springboot.web.HelloControllerTest]
18:21:21.595 [Test worker] DEBUG org.springframework.test.annotation.ProfileValueUtils - Retrieved ProfileValueSource type [class org.springframework.test.annotation.SystemProfileValueSource] for class [com.jayy.book.springboot.web.HelloControllerTest]
18:21:21.596 [Test worker] DEBUG org.springframework.test.annotation.ProfileValueUtils - Retrieved @ProfileValueSourceConfiguration [null] for test class [com.jayy.book.springboot.web.HelloControllerTest]
18:21:21.596 [Test worker] DEBUG org.springframework.test.annotation.ProfileValueUtils - Retrieved ProfileValueSource type [class org.springframework.test.annotation.SystemProfileValueSource] for class [com.jayy.book.springboot.web.HelloControllerTest]
18:21:21.600 [Test worker] DEBUG org.springframework.test.context.support.AbstractDirtiesContextTestExecutionListener - Before test class: context [DefaultTestContext@53253e27 testClass = HelloControllerTest, testInstance = [null], testMethod = [null], testException = [null], mergedContextConfiguration = [WebMergedContextConfiguration@4d43025f testClass = HelloControllerTest, locations = '{}', classes = '{class com.jayy.book.springboot.Application}', contextInitializerClasses = '[]', activeProfiles = '{}', propertySourceLocations = '{}', propertySourceProperties = '{org.springframework.boot.test.autoconfigure.web.servlet.WebMvcTestContextBootstrapper=true}', contextCustomizers = set[org.springframework.boot.test.autoconfigure.OverrideAutoConfigurationContextCustomizerFactory$DisableAutoConfigurationContextCustomizer@66758011, org.springframework.boot.test.autoconfigure.filter.TypeExcludeFiltersContextCustomizer@f7b5edd7, org.springframework.boot.test.autoconfigure.properties.PropertyMappingContextCustomizer@e3b8ea8f, org.springframework.boot.test.autoconfigure.web.servlet.WebDriverContextCustomizerFactory$Customizer@1f7fb7e7, [ImportsContextCustomizer@73137162 key = [org.springframework.boot.autoconfigure.cache.CacheAutoConfiguration, org.springframework.boot.autoconfigure.context.MessageSourceAutoConfiguration, org.springframework.boot.autoconfigure.data.web.SpringDataWebAutoConfiguration, org.springframework.boot.autoconfigure.freemarker.FreeMarkerAutoConfiguration, org.springframework.boot.autoconfigure.groovy.template.GroovyTemplateAutoConfiguration, org.springframework.boot.autoconfigure.gson.GsonAutoConfiguration, org.springframework.boot.autoconfigure.hateoas.HypermediaAutoConfiguration, org.springframework.boot.autoconfigure.http.HttpMessageConvertersAutoConfiguration, org.springframework.boot.autoconfigure.jackson.JacksonAutoConfiguration, org.springframework.boot.autoconfigure.jsonb.JsonbAutoConfiguration, org.springframework.boot.autoconfigure.mustache.MustacheAutoConfiguration, org.springframework.boot.autoconfigure.task.TaskExecutionAutoConfiguration, org.springframework.boot.autoconfigure.thymeleaf.ThymeleafAutoConfiguration, org.springframework.boot.autoconfigure.validation.ValidationAutoConfiguration, org.springframework.boot.autoconfigure.web.servlet.error.ErrorMvcAutoConfiguration, org.springframework.boot.autoconfigure.web.servlet.WebMvcAutoConfiguration, org.springframework.boot.test.autoconfigure.web.servlet.MockMvcAutoConfiguration, org.springframework.boot.test.autoconfigure.web.servlet.MockMvcSecurityAutoConfiguration, org.springframework.boot.test.autoconfigure.web.servlet.MockMvcWebClientAutoConfiguration, org.springframework.boot.test.autoconfigure.web.servlet.MockMvcWebDriverAutoConfiguration]], org.springframework.boot.test.context.filter.ExcludeFilterContextCustomizer@3d6798df, org.springframework.boot.test.json.DuplicateJsonObjectContextCustomizerFactory$DuplicateJsonObjectContextCustomizer@7488ffb1, org.springframework.boot.test.mock.mockito.MockitoContextCustomizer@0], resourceBasePath = 'src/main/webapp', contextLoader = 'org.springframework.boot.test.context.SpringBootContextLoader', parent = [null]], attributes = map[[empty]]], class annotated with @DirtiesContext [false] with mode [null].
18:21:21.601 [Test worker] DEBUG org.springframework.test.annotation.ProfileValueUtils - Retrieved @ProfileValueSourceConfiguration [null] for test class [com.jayy.book.springboot.web.HelloControllerTest]
18:21:21.601 [Test worker] DEBUG org.springframework.test.annotation.ProfileValueUtils - Retrieved ProfileValueSource type [class org.springframework.test.annotation.SystemProfileValueSource] for class [com.jayy.book.springboot.web.HelloControllerTest]
18:21:21.604 [Test worker] DEBUG org.springframework.test.context.support.DependencyInjectionTestExecutionListener - Performing dependency injection for test context [[DefaultTestContext@53253e27 testClass = HelloControllerTest, testInstance = com.jayy.book.springboot.web.HelloControllerTest@577f3273, testMethod = [null], testException = [null], mergedContextConfiguration = [WebMergedContextConfiguration@4d43025f testClass = HelloControllerTest, locations = '{}', classes = '{class com.jayy.book.springboot.Application}', contextInitializerClasses = '[]', activeProfiles = '{}', propertySourceLocations = '{}', propertySourceProperties = '{org.springframework.boot.test.autoconfigure.web.servlet.WebMvcTestContextBootstrapper=true}', contextCustomizers = set[org.springframework.boot.test.autoconfigure.OverrideAutoConfigurationContextCustomizerFactory$DisableAutoConfigurationContextCustomizer@66758011, org.springframework.boot.test.autoconfigure.filter.TypeExcludeFiltersContextCustomizer@f7b5edd7, org.springframework.boot.test.autoconfigure.properties.PropertyMappingContextCustomizer@e3b8ea8f, org.springframework.boot.test.autoconfigure.web.servlet.WebDriverContextCustomizerFactory$Customizer@1f7fb7e7, [ImportsContextCustomizer@73137162 key = [org.springframework.boot.autoconfigure.cache.CacheAutoConfiguration, org.springframework.boot.autoconfigure.context.MessageSourceAutoConfiguration, org.springframework.boot.autoconfigure.data.web.SpringDataWebAutoConfiguration, org.springframework.boot.autoconfigure.freemarker.FreeMarkerAutoConfiguration, org.springframework.boot.autoconfigure.groovy.template.GroovyTemplateAutoConfiguration, org.springframework.boot.autoconfigure.gson.GsonAutoConfiguration, org.springframework.boot.autoconfigure.hateoas.HypermediaAutoConfiguration, org.springframework.boot.autoconfigure.http.HttpMessageConvertersAutoConfiguration, org.springframework.boot.autoconfigure.jackson.JacksonAutoConfiguration, org.springframework.boot.autoconfigure.jsonb.JsonbAutoConfiguration, org.springframework.boot.autoconfigure.mustache.MustacheAutoConfiguration, org.springframework.boot.autoconfigure.task.TaskExecutionAutoConfiguration, org.springframework.boot.autoconfigure.thymeleaf.ThymeleafAutoConfiguration, org.springframework.boot.autoconfigure.validation.ValidationAutoConfiguration, org.springframework.boot.autoconfigure.web.servlet.error.ErrorMvcAutoConfiguration, org.springframework.boot.autoconfigure.web.servlet.WebMvcAutoConfiguration, org.springframework.boot.test.autoconfigure.web.servlet.MockMvcAutoConfiguration, org.springframework.boot.test.autoconfigure.web.servlet.MockMvcSecurityAutoConfiguration, org.springframework.boot.test.autoconfigure.web.servlet.MockMvcWebClientAutoConfiguration, org.springframework.boot.test.autoconfigure.web.servlet.MockMvcWebDriverAutoConfiguration]], org.springframework.boot.test.context.filter.ExcludeFilterContextCustomizer@3d6798df, org.springframework.boot.test.json.DuplicateJsonObjectContextCustomizerFactory$DuplicateJsonObjectContextCustomizer@7488ffb1, org.springframework.boot.test.mock.mockito.MockitoContextCustomizer@0], resourceBasePath = 'src/main/webapp', contextLoader = 'org.springframework.boot.test.context.SpringBootContextLoader', parent = [null]], attributes = map[[empty]]]].
18:21:21.683 [Test worker] DEBUG org.springframework.test.context.support.TestPropertySourceUtils - Adding inlined properties to environment: {spring.jmx.enabled=false, org.springframework.boot.test.autoconfigure.web.servlet.WebMvcTestContextBootstrapper=true, server.port=-1}

  .   ____          _            __ _ _
 /\\ / ___'_ __ _ _(_)_ __  __ _ \ \ \ \
( ( )\___ | '_ | '_| | '_ \/ _` | \ \ \ \
 \\/  ___)| |_)| | | | | || (_| |  ) ) ) )
  '  |____| .__|_| |_|_| |_\__, | / / / /
 =========|_|==============|___/=/_/_/_/
 :: Spring Boot ::        (v2.1.7.RELEASE)

2020-10-01 18:21:22.172  INFO 93744 --- [    Test worker] c.j.b.s.web.HelloControllerTest          : Starting HelloControllerTest on MacBook-Pro.local with PID 93744 (started by na.yoonji in /Users/na.yoonji/Study/projects/myFirstProject)
2020-10-01 18:21:22.174  INFO 93744 --- [    Test worker] c.j.b.s.web.HelloControllerTest          : No active profile set, falling back to default profiles: default
2020-10-01 18:21:23.224  INFO 93744 --- [    Test worker] o.s.s.concurrent.ThreadPoolTaskExecutor  : Initializing ExecutorService 'applicationTaskExecutor'
2020-10-01 18:21:23.307  INFO 93744 --- [    Test worker] o.s.b.a.w.s.WelcomePageHandlerMapping    : Adding welcome page template: index
2020-10-01 18:21:23.565  INFO 93744 --- [    Test worker] .s.s.UserDetailsServiceAutoConfiguration : 

Using generated security password: fd252e5a-3405-4785-9e52-c4066c6626be

2020-10-01 18:21:23.731  INFO 93744 --- [    Test worker] o.s.s.web.DefaultSecurityFilterChain     : Creating filter chain: any request, [org.springframework.security.web.context.request.async.WebAsyncManagerIntegrationFilter@37e3318c, org.springframework.security.web.context.SecurityContextPersistenceFilter@24f5f6a8, org.springframework.security.web.header.HeaderWriterFilter@4f181c13, org.springframework.security.web.csrf.CsrfFilter@7717832a, org.springframework.security.web.authentication.logout.LogoutFilter@54a0e779, org.springframework.security.web.authentication.UsernamePasswordAuthenticationFilter@29474b48, org.springframework.security.web.authentication.ui.DefaultLoginPageGeneratingFilter@1420f7cd, org.springframework.security.web.authentication.ui.DefaultLogoutPageGeneratingFilter@40cb938b, org.springframework.security.web.authentication.www.BasicAuthenticationFilter@3743ee65, org.springframework.security.web.savedrequest.RequestCacheAwareFilter@f0f6230, org.springframework.security.web.servletapi.SecurityContextHolderAwareRequestFilter@520f1ca5, org.springframework.security.web.authentication.AnonymousAuthenticationFilter@584919a9, org.springframework.security.web.session.SessionManagementFilter@7438a9af, org.springframework.security.web.access.ExceptionTranslationFilter@7b10ce6c, org.springframework.security.web.access.intercept.FilterSecurityInterceptor@7bc539d5]
2020-10-01 18:21:23.766  INFO 93744 --- [    Test worker] o.s.b.t.m.w.SpringBootMockServletContext : Initializing Spring TestDispatcherServlet ''
2020-10-01 18:21:23.766  INFO 93744 --- [    Test worker] o.s.t.web.servlet.TestDispatcherServlet  : Initializing Servlet ''
2020-10-01 18:21:23.780  INFO 93744 --- [    Test worker] o.s.t.web.servlet.TestDispatcherServlet  : Completed initialization in 14 ms
2020-10-01 18:21:23.822  INFO 93744 --- [    Test worker] c.j.b.s.web.HelloControllerTest          : Started HelloControllerTest in 2.131 seconds (JVM running for 2.891)
]]></system-out>
  <system-err><![CDATA[]]></system-err>
</testsuite>
