<?xml version="1.0" encoding="UTF-8"?>
<testsuite name="com.jayy.book.springboot.domain.posts.PostsRepositoryTest" tests="2" skipped="0" failures="0" errors="0" timestamp="2020-10-01T09:21:28" hostname="MacBook-Pro.local" time="0.026">
  <properties/>
  <testcase name="게시글저장_불러오기" classname="com.jayy.book.springboot.domain.posts.PostsRepositoryTest" time="0.013"/>
  <testcase name="BaseTimeEntity_등록" classname="com.jayy.book.springboot.domain.posts.PostsRepositoryTest" time="0.013"/>
  <system-out><![CDATA[2020-10-01 18:21:28.024  INFO 93744 --- [    Test worker] .b.t.c.SpringBootTestContextBootstrapper : Neither @ContextConfiguration nor @ContextHierarchy found for test class [com.jayy.book.springboot.domain.posts.PostsRepositoryTest], using SpringBootContextLoader
2020-10-01 18:21:28.025  INFO 93744 --- [    Test worker] o.s.t.c.support.AbstractContextLoader    : Could not detect default resource locations for test class [com.jayy.book.springboot.domain.posts.PostsRepositoryTest]: no resource found for suffixes {-context.xml, Context.groovy}.
2020-10-01 18:21:28.025  INFO 93744 --- [    Test worker] t.c.s.AnnotationConfigContextLoaderUtils : Could not detect default configuration classes for test class [com.jayy.book.springboot.domain.posts.PostsRepositoryTest]: PostsRepositoryTest does not declare any static, non-private, non-final, nested classes annotated with @Configuration.
2020-10-01 18:21:28.030  INFO 93744 --- [    Test worker] .b.t.c.SpringBootTestContextBootstrapper : Found @SpringBootConfiguration com.jayy.book.springboot.Application for test class com.jayy.book.springboot.domain.posts.PostsRepositoryTest
2020-10-01 18:21:28.031  INFO 93744 --- [    Test worker] .b.t.c.SpringBootTestContextBootstrapper : Loaded default TestExecutionListener class names from location [META-INF/spring.factories]: [org.springframework.security.test.context.support.WithSecurityContextTestExecutionListener, org.springframework.security.test.context.support.ReactorContextTestExecutionListener, org.springframework.boot.test.autoconfigure.restdocs.RestDocsTestExecutionListener, org.springframework.boot.test.autoconfigure.web.client.MockRestServiceServerResetTestExecutionListener, org.springframework.boot.test.autoconfigure.web.servlet.MockMvcPrintOnlyOnFailureTestExecutionListener, org.springframework.boot.test.autoconfigure.web.servlet.WebDriverTestExecutionListener, org.springframework.boot.test.mock.mockito.MockitoTestExecutionListener, org.springframework.boot.test.mock.mockito.ResetMocksTestExecutionListener, org.springframework.test.context.web.ServletTestExecutionListener, org.springframework.test.context.support.DirtiesContextBeforeModesTestExecutionListener, org.springframework.test.context.support.DependencyInjectionTestExecutionListener, org.springframework.test.context.support.DirtiesContextTestExecutionListener, org.springframework.test.context.transaction.TransactionalTestExecutionListener, org.springframework.test.context.jdbc.SqlScriptsTestExecutionListener]
2020-10-01 18:21:28.031  INFO 93744 --- [    Test worker] .b.t.c.SpringBootTestContextBootstrapper : Using TestExecutionListeners: [org.springframework.test.context.web.ServletTestExecutionListener@9c5a267, org.springframework.test.context.support.DirtiesContextBeforeModesTestExecutionListener@664957bf, org.springframework.boot.test.mock.mockito.MockitoTestExecutionListener@6d10b65c, org.springframework.boot.test.autoconfigure.SpringBootDependencyInjectionTestExecutionListener@5408b0ad, org.springframework.test.context.support.DirtiesContextTestExecutionListener@707ae6d1, org.springframework.test.context.transaction.TransactionalTestExecutionListener@5ca2b3ce, org.springframework.test.context.jdbc.SqlScriptsTestExecutionListener@34e84c50, org.springframework.security.test.context.support.WithSecurityContextTestExecutionListener@25f40fb8, org.springframework.security.test.context.support.ReactorContextTestExecutionListener@21f29b9, org.springframework.boot.test.autoconfigure.restdocs.RestDocsTestExecutionListener@4b6ac6f7, org.springframework.boot.test.autoconfigure.web.client.MockRestServiceServerResetTestExecutionListener@3d169906, org.springframework.boot.test.autoconfigure.web.servlet.MockMvcPrintOnlyOnFailureTestExecutionListener@381ad8d3, org.springframework.boot.test.autoconfigure.web.servlet.WebDriverTestExecutionListener@43337c88, org.springframework.boot.test.mock.mockito.ResetMocksTestExecutionListener@5ef34767]

  .   ____          _            __ _ _
 /\\ / ___'_ __ _ _(_)_ __  __ _ \ \ \ \
( ( )\___ | '_ | '_| | '_ \/ _` | \ \ \ \
 \\/  ___)| |_)| | | | | || (_| |  ) ) ) )
  '  |____| .__|_| |_|_| |_\__, | / / / /
 =========|_|==============|___/=/_/_/_/
 :: Spring Boot ::        (v2.1.7.RELEASE)

2020-10-01 18:21:28.042  INFO 93744 --- [    Test worker] c.j.b.s.d.posts.PostsRepositoryTest      : Starting PostsRepositoryTest on MacBook-Pro.local with PID 93744 (started by na.yoonji in /Users/na.yoonji/Study/projects/myFirstProject)
2020-10-01 18:21:28.042  INFO 93744 --- [    Test worker] c.j.b.s.d.posts.PostsRepositoryTest      : No active profile set, falling back to default profiles: default
2020-10-01 18:21:28.189  INFO 93744 --- [    Test worker] .s.d.r.c.RepositoryConfigurationDelegate : Bootstrapping Spring Data repositories in DEFAULT mode.
2020-10-01 18:21:28.200  INFO 93744 --- [    Test worker] .s.d.r.c.RepositoryConfigurationDelegate : Finished Spring Data repository scanning in 10ms. Found 2 repository interfaces.
2020-10-01 18:21:28.264  INFO 93744 --- [    Test worker] trationDelegate$BeanPostProcessorChecker : Bean 'org.springframework.transaction.annotation.ProxyTransactionManagementConfiguration' of type [org.springframework.transaction.annotation.ProxyTransactionManagementConfiguration$$EnhancerBySpringCGLIB$$f9dbdff2] is not eligible for getting processed by all BeanPostProcessors (for example: not eligible for auto-proxying)
2020-10-01 18:21:28.325  INFO 93744 --- [    Test worker] com.zaxxer.hikari.HikariDataSource       : HikariPool-2 - Starting...
2020-10-01 18:21:28.326  INFO 93744 --- [    Test worker] com.zaxxer.hikari.HikariDataSource       : HikariPool-2 - Start completed.
2020-10-01 18:21:28.340  INFO 93744 --- [    Test worker] o.hibernate.jpa.internal.util.LogHelper  : HHH000204: Processing PersistenceUnitInfo [
	name: default
	...]
2020-10-01 18:21:28.345  INFO 93744 --- [    Test worker] org.hibernate.dialect.Dialect            : HHH000400: Using dialect: org.hibernate.dialect.MySQL5InnoDBDialect
Hibernate: drop table if exists posts
Hibernate: drop table if exists user
Hibernate: create table posts (id bigint not null auto_increment, created_date datetime, modified_date datetime, author varchar(255), content Text not null, title varchar(500) not null, primary key (id)) engine=InnoDB
Hibernate: create table user (id bigint not null auto_increment, created_date datetime, modified_date datetime, email varchar(255) not null, name varchar(255) not null, picture varchar(255), role varchar(255) not null, primary key (id)) engine=InnoDB
2020-10-01 18:21:28.402  INFO 93744 --- [    Test worker] o.h.t.schema.internal.SchemaCreatorImpl  : HHH000476: Executing import script 'org.hibernate.tool.schema.internal.exec.ScriptSourceInputNonExistentImpl@4bed2b4e'
2020-10-01 18:21:28.403  INFO 93744 --- [    Test worker] j.LocalContainerEntityManagerFactoryBean : Initialized JPA EntityManagerFactory for persistence unit 'default'
2020-10-01 18:21:28.545  INFO 93744 --- [    Test worker] o.h.h.i.QueryTranslatorFactoryInitiator  : HHH000397: Using ASTQueryTranslatorFactory
2020-10-01 18:21:28.632  INFO 93744 --- [    Test worker] o.s.s.web.DefaultSecurityFilterChain     : Creating filter chain: any request, [org.springframework.security.web.context.request.async.WebAsyncManagerIntegrationFilter@418ab3bb, org.springframework.security.web.context.SecurityContextPersistenceFilter@217f59a9, org.springframework.security.web.header.HeaderWriterFilter@1e36f547, org.springframework.security.web.authentication.logout.LogoutFilter@62dffb0e, org.springframework.security.oauth2.client.web.OAuth2AuthorizationRequestRedirectFilter@296e4316, org.springframework.security.oauth2.client.web.OAuth2LoginAuthenticationFilter@740046e0, org.springframework.security.web.authentication.ui.DefaultLoginPageGeneratingFilter@39364f90, org.springframework.security.web.authentication.ui.DefaultLogoutPageGeneratingFilter@7dc73afa, org.springframework.security.web.savedrequest.RequestCacheAwareFilter@73af37ad, org.springframework.security.web.servletapi.SecurityContextHolderAwareRequestFilter@5a1a7852, org.springframework.security.web.authentication.AnonymousAuthenticationFilter@26eab0a7, org.springframework.security.web.session.SessionManagementFilter@60d073e2, org.springframework.security.web.access.ExceptionTranslationFilter@718460d3, org.springframework.security.web.access.intercept.FilterSecurityInterceptor@33f1e010]
2020-10-01 18:21:28.784  INFO 93744 --- [    Test worker] o.s.s.concurrent.ThreadPoolTaskExecutor  : Initializing ExecutorService 'applicationTaskExecutor'
2020-10-01 18:21:28.792  WARN 93744 --- [    Test worker] aWebConfiguration$JpaWebMvcConfiguration : spring.jpa.open-in-view is enabled by default. Therefore, database queries may be performed during view rendering. Explicitly configure spring.jpa.open-in-view to disable this warning
2020-10-01 18:21:28.806  INFO 93744 --- [    Test worker] o.s.b.a.w.s.WelcomePageHandlerMapping    : Adding welcome page template: index
2020-10-01 18:21:28.964  INFO 93744 --- [    Test worker] s.a.ScheduledAnnotationBeanPostProcessor : No TaskScheduler/ScheduledExecutorService bean found for scheduled processing
2020-10-01 18:21:28.965  INFO 93744 --- [    Test worker] c.j.b.s.d.posts.PostsRepositoryTest      : Started PostsRepositoryTest in 0.933 seconds (JVM running for 8.034)
Hibernate: insert into posts (created_date, modified_date, author, content, title) values (?, ?, ?, ?, ?)
Hibernate: select posts0_.id as id1_0_, posts0_.created_date as created_2_0_, posts0_.modified_date as modified3_0_, posts0_.author as author4_0_, posts0_.content as content5_0_, posts0_.title as title6_0_ from posts posts0_
Hibernate: select posts0_.id as id1_0_, posts0_.created_date as created_2_0_, posts0_.modified_date as modified3_0_, posts0_.author as author4_0_, posts0_.content as content5_0_, posts0_.title as title6_0_ from posts posts0_
Hibernate: delete from posts where id=?
Hibernate: insert into posts (created_date, modified_date, author, content, title) values (?, ?, ?, ?, ?)
Hibernate: select posts0_.id as id1_0_, posts0_.created_date as created_2_0_, posts0_.modified_date as modified3_0_, posts0_.author as author4_0_, posts0_.content as content5_0_, posts0_.title as title6_0_ from posts posts0_
>>>>>>>>>> createDate=2020-10-01T18:21:28.982890, modifiedDate=2020-10-01T18:21:28.982890
Hibernate: select posts0_.id as id1_0_, posts0_.created_date as created_2_0_, posts0_.modified_date as modified3_0_, posts0_.author as author4_0_, posts0_.content as content5_0_, posts0_.title as title6_0_ from posts posts0_
Hibernate: delete from posts where id=?
]]></system-out>
  <system-err><![CDATA[]]></system-err>
</testsuite>
