<?xml version="1.0" encoding="UTF-8"?>
<testsuite name="com.jayy.book.springboot.IndexControllerTest" tests="1" skipped="0" failures="0" errors="0" timestamp="2020-10-01T09:21:29" hostname="MacBook-Pro.local" time="0.142">
  <properties/>
  <testcase name="메인페이지_로딩" classname="com.jayy.book.springboot.IndexControllerTest" time="0.142"/>
  <system-out><![CDATA[2020-10-01 18:21:28.995  INFO 93744 --- [    Test worker] .b.t.c.SpringBootTestContextBootstrapper : Neither @ContextConfiguration nor @ContextHierarchy found for test class [com.jayy.book.springboot.IndexControllerTest], using SpringBootContextLoader
2020-10-01 18:21:28.996  INFO 93744 --- [    Test worker] o.s.t.c.support.AbstractContextLoader    : Could not detect default resource locations for test class [com.jayy.book.springboot.IndexControllerTest]: no resource found for suffixes {-context.xml, Context.groovy}.
2020-10-01 18:21:28.996  INFO 93744 --- [    Test worker] t.c.s.AnnotationConfigContextLoaderUtils : Could not detect default configuration classes for test class [com.jayy.book.springboot.IndexControllerTest]: IndexControllerTest does not declare any static, non-private, non-final, nested classes annotated with @Configuration.
2020-10-01 18:21:28.998  INFO 93744 --- [    Test worker] .b.t.c.SpringBootTestContextBootstrapper : Found @SpringBootConfiguration com.jayy.book.springboot.Application for test class com.jayy.book.springboot.IndexControllerTest
2020-10-01 18:21:28.999  INFO 93744 --- [    Test worker] .b.t.c.SpringBootTestContextBootstrapper : Loaded default TestExecutionListener class names from location [META-INF/spring.factories]: [org.springframework.security.test.context.support.WithSecurityContextTestExecutionListener, org.springframework.security.test.context.support.ReactorContextTestExecutionListener, org.springframework.boot.test.autoconfigure.restdocs.RestDocsTestExecutionListener, org.springframework.boot.test.autoconfigure.web.client.MockRestServiceServerResetTestExecutionListener, org.springframework.boot.test.autoconfigure.web.servlet.MockMvcPrintOnlyOnFailureTestExecutionListener, org.springframework.boot.test.autoconfigure.web.servlet.WebDriverTestExecutionListener, org.springframework.boot.test.mock.mockito.MockitoTestExecutionListener, org.springframework.boot.test.mock.mockito.ResetMocksTestExecutionListener, org.springframework.test.context.web.ServletTestExecutionListener, org.springframework.test.context.support.DirtiesContextBeforeModesTestExecutionListener, org.springframework.test.context.support.DependencyInjectionTestExecutionListener, org.springframework.test.context.support.DirtiesContextTestExecutionListener, org.springframework.test.context.transaction.TransactionalTestExecutionListener, org.springframework.test.context.jdbc.SqlScriptsTestExecutionListener]
2020-10-01 18:21:28.999  INFO 93744 --- [    Test worker] .b.t.c.SpringBootTestContextBootstrapper : Using TestExecutionListeners: [org.springframework.test.context.web.ServletTestExecutionListener@62e4ed4a, org.springframework.test.context.support.DirtiesContextBeforeModesTestExecutionListener@5366ae2c, org.springframework.boot.test.mock.mockito.MockitoTestExecutionListener@73018b92, org.springframework.boot.test.autoconfigure.SpringBootDependencyInjectionTestExecutionListener@65415fc6, org.springframework.test.context.support.DirtiesContextTestExecutionListener@208a6099, org.springframework.test.context.transaction.TransactionalTestExecutionListener@46fbbd6a, org.springframework.test.context.jdbc.SqlScriptsTestExecutionListener@3959f33c, org.springframework.security.test.context.support.WithSecurityContextTestExecutionListener@568934be, org.springframework.security.test.context.support.ReactorContextTestExecutionListener@2574085e, org.springframework.boot.test.autoconfigure.restdocs.RestDocsTestExecutionListener@3effe177, org.springframework.boot.test.autoconfigure.web.client.MockRestServiceServerResetTestExecutionListener@48493587, org.springframework.boot.test.autoconfigure.web.servlet.MockMvcPrintOnlyOnFailureTestExecutionListener@57fad4f4, org.springframework.boot.test.autoconfigure.web.servlet.WebDriverTestExecutionListener@52c900ad, org.springframework.boot.test.mock.mockito.ResetMocksTestExecutionListener@13fcb7da]
2020-10-01 18:21:29.078  INFO 93744 --- [o-auto-1-exec-1] o.a.c.c.C.[Tomcat].[localhost].[/]       : Initializing Spring DispatcherServlet 'dispatcherServlet'
2020-10-01 18:21:29.079  INFO 93744 --- [o-auto-1-exec-1] o.s.web.servlet.DispatcherServlet        : Initializing Servlet 'dispatcherServlet'
2020-10-01 18:21:29.084  INFO 93744 --- [o-auto-1-exec-1] o.s.web.servlet.DispatcherServlet        : Completed initialization in 4 ms
Hibernate: select posts0_.id as id1_0_, posts0_.created_date as created_2_0_, posts0_.modified_date as modified3_0_, posts0_.author as author4_0_, posts0_.content as content5_0_, posts0_.title as title6_0_ from posts posts0_ order by posts0_.id DESC
]]></system-out>
  <system-err><![CDATA[]]></system-err>
</testsuite>
